<?xml version="1.0" encoding="UTF-8"?>
<!-- Generated by org.testng.reporters.JUnitReportReporter -->
<testsuite hostname="DESKTOP-BK9TLGL" failures="0" tests="1" name="SumValidation" time="2.233" errors="0" timestamp="2023-02-16T12:49:24 CST" skipped="0">
  <testcase classname="SumValidation" name="sumOfCourses" time="2.233"/>
  <system-out/>
</testsuite> <!-- SumValidation -->
